Build started 7/31/2014 10:02:36 AM.
     1>Project "D:\Busmaster\BM\busmaster\Sources\TxWindowEthernet\TxWindowEthernet.vcxproj" on node 3 (Build target(s)).
     1>C:\Program Files (x86)\MSBuild\Microsoft.Cpp\v4.0\V110\Microsoft.CppBuild.targets(1137,5): warning MSB8012: TargetPath(D:\Busmaster\BM\busmaster\Sources\TxWindowEthernet\busmaster_debug\TxWindowEthernet.dll) does not match the Linker's OutputFile property value (D:\Busmaster\BM\busmaster\Sources\BIN\busmaster_debug\TXWindowEthernet.dll). This may cause your project to build incorrectly. To correct this, please make sure that $(OutDir), $(TargetName) and $(TargetExt) property values match the value specified in %(Link.OutputFile).
     1>Link:
         C:\Program Files (x86)\Microsoft Visual Studio 11.0\VC\bin\link.exe /ERRORREPORT:PROMPT /OUT:"D:\Busmaster\BM\busmaster\Sources\/BIN/busmaster_debug\TXWindowEthernet.dll" /INCREMENTAL:NO /NOLOGO /LIBPATH:C:\WinDDK\7600.16385.1\lib\Mfc\i386 /LIBPATH:C:\WinDDK\7600.16385.1\lib\ATL\i386 Winmm.lib /MANIFEST /MANIFESTUAC:"level='asInvoker' uiAccess='false'" /manifest:embed /manifestinput:"C:\Program Files (x86)\Microsoft Visual Studio 11.0\VC\Include\Manifest\dpiaware.manifest" /DEBUG /PDB:"busmaster_debug\TxWindowEthernet.pdb" /SUBSYSTEM:WINDOWS,"5.01" /OPT:REF /OPT:ICF /TLBID:1 /DYNAMICBASE:NO /IMPLIB:"busmaster_debug\TxWindowEthernet.lib" /MACHINE:X86 /SAFESEH "D:\Busmaster\BM\busmaster\Sources\/BIN/Libs/busmaster_debug\DIL_Interface.lib"
         "D:\Busmaster\BM\busmaster\Sources\/BIN/Libs/busmaster_debug\Utils.lib"
         "D:\Busmaster\BM\busmaster\Sources\/BIN/Libs/busmaster_debug\DataTypes.lib" /DLL busmaster_debug\TxWindowEthernet.res
         busmaster_debug\EditExtended.obj
         busmaster_debug\EthernetTxDefaultConfigDlg.obj
         busmaster_debug\HeaderCtrlEx.obj
         busmaster_debug\LinFlexListCtrl.obj
         busmaster_debug\TransmitMsgEthernet.obj
         busmaster_debug\TxEthernetDataStore.obj
         busmaster_debug\TxMsgChildFrame.obj
         busmaster_debug\TxWindowEthernet_Stdafx.obj
         busmaster_debug\TxWindowEthernet.obj
         busmaster_debug\Tx_MDIChildBase.obj
            Creating library busmaster_debug\TxWindowEthernet.lib and object busmaster_debug\TxWindowEthernet.exp
     1>HeaderCtrlEx.obj : warning LNK4254: section 'ATL' (50000040) merged into '.rdata' (40000040) with different attributes
     1>TransmitMsgEthernet.obj : warning LNK4254: section 'ATL' (50000040) merged into '.rdata' (40000040) with different attributes
     1>TxEthernetDataStore.obj : warning LNK4254: section 'ATL' (50000040) merged into '.rdata' (40000040) with different attributes
     1>Utils.lib(ComboItem.obj) : warning LNK4254: section 'ATL' (50000040) merged into '.rdata' (40000040) with different attributes
     1>Utils.lib(EditItem.obj) : warning LNK4254: section 'ATL' (50000040) merged into '.rdata' (40000040) with different attributes
     1>Utils.lib(Utility_Structs.obj) : warning LNK4254: section 'ATL' (50000040) merged into '.rdata' (40000040) with different attributes
     1>Utils.lib(FFListCtrl.obj) : warning LNK4254: section 'ATL' (50000040) merged into '.rdata' (40000040) with different attributes
     1>Utils.lib(NumEdit.obj) : warning LNK4254: section 'ATL' (50000040) merged into '.rdata' (40000040) with different attributes
     1>Utils.lib(AlphaChar.obj) : warning LNK4254: section 'ATL' (50000040) merged into '.rdata' (40000040) with different attributes
     1>Utils.lib(Utility_Thread.obj) : warning LNK4254: section 'ATL' (50000040) merged into '.rdata' (40000040) with different attributes
     1>Utils.lib(OffScreenDC.obj) : warning LNK4254: section 'ATL' (50000040) merged into '.rdata' (40000040) with different attributes
     1>Utils.lib(RadixEdit.obj) : warning LNK4254: section 'ATL' (50000040) merged into '.rdata' (40000040) with different attributes
     1>Utils.lib(NumSpinCtrl.obj) : warning LNK4254: section 'ATL' (50000040) merged into '.rdata' (40000040) with different attributes
     1>Utils.lib(Utility.obj) : warning LNK4254: section 'ATL' (50000040) merged into '.rdata' (40000040) with different attributes
     1>DataTypes.lib(Defines_FlexRay.obj) : warning LNK4254: section 'ATL' (50000040) merged into '.rdata' (40000040) with different attributes
     1>Utils.lib(MsgInterpretation.obj) : warning LNK4254: section 'ATL' (50000040) merged into '.rdata' (40000040) with different attributes
     1>Utils.lib(UtilFunctions.obj) : warning LNK4254: section 'ATL' (50000040) merged into '.rdata' (40000040) with different attributes
         TxWindowEthernet.vcxproj -> D:\Busmaster\BM\busmaster\Sources\TxWindowEthernet\busmaster_debug\TxWindowEthernet.dll
     1>Done Building Project "D:\Busmaster\BM\busmaster\Sources\TxWindowEthernet\TxWindowEthernet.vcxproj" (Build target(s)).

Build succeeded.

Time Elapsed 00:00:02.72
