D:\BUSMASTER\BM TO MERGE\BUSMASTER\SOURCES\TXWINDOWETHERNET\BUSMASTER_DEBUG\TXWINDOWETHERNET.PCH
D:\BUSMASTER\BM TO MERGE\BUSMASTER\SOURCES\TXWINDOWETHERNET\BUSMASTER_DEBUG\TXWINDOWETHERNET_STDAFX.OBJ
D:\BUSMASTER\BM TO MERGE\BUSMASTER\SOURCES\TXWINDOWETHERNET\BUSMASTER_DEBUG\VC110.PDB
D:\BUSMASTER\BM TO MERGE\BUSMASTER\SOURCES\TXWINDOWETHERNET\BUSMASTER_DEBUG\TX_MDICHILDBASE.OBJ
D:\BUSMASTER\BM TO MERGE\BUSMASTER\SOURCES\TXWINDOWETHERNET\BUSMASTER_DEBUG\TXWINDOWETHERNET.OBJ
D:\BUSMASTER\BM TO MERGE\BUSMASTER\SOURCES\TXWINDOWETHERNET\BUSMASTER_DEBUG\TXMSGCHILDFRAME.OBJ
D:\BUSMASTER\BM TO MERGE\BUSMASTER\SOURCES\TXWINDOWETHERNET\BUSMASTER_DEBUG\TXETHERNETDATASTORE.OBJ
D:\BUSMASTER\BM TO MERGE\BUSMASTER\SOURCES\TXWINDOWETHERNET\BUSMASTER_DEBUG\TRANSMITMSGETHERNET.OBJ
D:\BUSMASTER\BM TO MERGE\BUSMASTER\SOURCES\TXWINDOWETHERNET\BUSMASTER_DEBUG\LINFLEXLISTCTRL.OBJ
D:\BUSMASTER\BM TO MERGE\BUSMASTER\SOURCES\TXWINDOWETHERNET\BUSMASTER_DEBUG\HEADERCTRLEX.OBJ
D:\BUSMASTER\BM TO MERGE\BUSMASTER\SOURCES\TXWINDOWETHERNET\BUSMASTER_DEBUG\ETHERNETTXDEFAULTCONFIGDLG.OBJ
D:\BUSMASTER\BM TO MERGE\BUSMASTER\SOURCES\TXWINDOWETHERNET\BUSMASTER_DEBUG\EDITEXTENDED.OBJ
D:\BUSMASTER\BM TO MERGE\BUSMASTER\SOURCES\TXWINDOWETHERNET\BUSMASTER_DEBUG\TXWINDOWETHERNET.RES
D:\Busmaster\BM to Merge\busmaster\Sources\TxWindowEthernet\busmaster_debug\TxWindowEthernet.vcxprojResolveAssemblyReference.cache
D:\Busmaster\BM to Merge\busmaster\Sources\TxWindowEthernet\busmaster_debug\EditExtended.obj
D:\Busmaster\BM to Merge\busmaster\Sources\TxWindowEthernet\busmaster_debug\EthernetTxDefaultConfigDlg.obj
D:\Busmaster\BM to Merge\busmaster\Sources\TxWindowEthernet\busmaster_debug\HeaderCtrlEx.obj
D:\Busmaster\BM to Merge\busmaster\Sources\TxWindowEthernet\busmaster_debug\LinFlexListCtrl.obj
D:\Busmaster\BM to Merge\busmaster\Sources\TxWindowEthernet\busmaster_debug\TransmitMsgEthernet.obj
D:\Busmaster\BM to Merge\busmaster\Sources\TxWindowEthernet\busmaster_debug\TxEthernetDataStore.obj
D:\Busmaster\BM to Merge\busmaster\Sources\TxWindowEthernet\busmaster_debug\TxMsgChildFrame.obj
D:\Busmaster\BM to Merge\busmaster\Sources\TxWindowEthernet\busmaster_debug\TxWindowEthernet.obj
D:\Busmaster\BM to Merge\busmaster\Sources\TxWindowEthernet\busmaster_debug\TxWindowEthernet_Stdafx.obj
D:\Busmaster\BM to Merge\busmaster\Sources\TxWindowEthernet\busmaster_debug\Tx_MDIChildBase.obj
D:\Busmaster\BM to Merge\busmaster\Sources\TxWindowEthernet\busmaster_debug\cl.command.1.tlog
D:\Busmaster\BM to Merge\busmaster\Sources\TxWindowEthernet\busmaster_debug\CL.read.1.tlog
D:\Busmaster\BM to Merge\busmaster\Sources\TxWindowEthernet\busmaster_debug\CL.write.1.tlog
D:\Busmaster\BM to Merge\busmaster\Sources\TxWindowEthernet\busmaster_debug\link.command.1.tlog
D:\Busmaster\BM to Merge\busmaster\Sources\TxWindowEthernet\busmaster_debug\link.read.1.tlog
D:\Busmaster\BM to Merge\busmaster\Sources\TxWindowEthernet\busmaster_debug\link.write.1.tlog
D:\Busmaster\BM to Merge\busmaster\Sources\TxWindowEthernet\busmaster_debug\rc.command.1.tlog
D:\Busmaster\BM to Merge\busmaster\Sources\TxWindowEthernet\busmaster_debug\rc.read.1.tlog
D:\Busmaster\BM to Merge\busmaster\Sources\TxWindowEthernet\busmaster_debug\rc.write.1.tlog
D:\Busmaster\BM to Merge\busmaster\Sources\TxWindowEthernet\busmaster_debug\TxWindowEthernet.res
D:\Busmaster\BM to Merge\busmaster\Sources\TxWindowEthernet\busmaster_debug\TxWindowEthernet.pch
D:\Busmaster\BM to Merge\busmaster\Sources\TxWindowEthernet\busmaster_debug\vc110.pdb
