***BUSMASTER Ver 1.6.3***
***NOTE: PLEASE DO NOT EDIT THIS DOCUMENT***
***[START LOGGING SESSION]***
***START DATE AND TIME 17:5:2012 18:18:9:971***
***HEX***
***SYSTEM MODE***
***START CHANNEL BAUD RATE***
***CHANNEL 1 - PCAN-USB Device ID - 9h - 500 Kbps***
***CHANNEL 2 - PCAN-USB Device ID - FFh - 500 Kbps***
***END CHANNEL BAUD RATE***
***START DATABASE FILES (DBF/DBC)***
***C:\Documents and Settings\sia3kor\Desktop\testing\Database1.DBF***
***C:\Documents and Settings\sia3kor\Desktop\testing\dbf & cfg\PQ35_46_ACAN_V5_7_6_E_20091013_MH.dbf***
***C:\Documents and Settings\sia3kor\Desktop\testing\dbf & cfg\test.dbf***
***M:\02_Internal\101_Temp\Prathiba\New_Database2.DBF***
***END DATABASE FILES (DBF/DBC)***
***<Time><Tx/Rx><Channel><CAN ID><Type><DLC><DataBytes>***
18:18:10:6740 Tx 1 0x1C9 s 8 00 00 00 00 00 00 00 00 
18:18:10:6754 Rx 2 0x1C9 s 8 00 00 00 00 00 00 00 00 
18:18:10:7736 Tx 1 0x054 s 8 01 00 00 00 00 00 00 00 
18:18:10:7751 Rx 2 0x054 s 8 01 00 00 00 00 00 00 00 
18:18:10:8742 Tx 1 0x123 s 8 F9 FF 01 74 00 00 00 00 
18:18:10:8755 Rx 2 0x123 s 8 F9 FF 01 74 00 00 00 00 
18:18:10:9738 Tx 1 0x234 s 5 06 00 00 00 00 
18:18:10:9751 Rx 2 0x234 s 5 06 00 00 00 00 
18:18:11:0734 Tx 1 0x224 s 8 00 00 00 00 00 00 00 00 
18:18:11:0747 Rx 2 0x224 s 8 00 00 00 00 00 00 00 00 
18:18:11:1740 Tx 1 0x1C9 s 8 00 00 00 00 00 00 00 00 
18:18:11:1753 Rx 2 0x1C9 s 8 00 00 00 00 00 00 00 00 
18:18:11:2736 Tx 1 0x054 s 8 01 00 00 00 00 00 00 00 
18:18:11:2750 Rx 2 0x054 s 8 01 00 00 00 00 00 00 00 
18:18:11:3742 Tx 1 0x123 s 8 F9 FF 01 74 00 00 00 00 
18:18:11:3755 Rx 2 0x123 s 8 F9 FF 01 74 00 00 00 00 
18:18:11:4738 Tx 1 0x234 s 5 06 00 00 00 00 
18:18:11:4751 Rx 2 0x234 s 5 06 00 00 00 00 
18:18:11:5734 Tx 1 0x224 s 8 00 00 00 00 00 00 00 00 
18:18:11:5747 Rx 2 0x224 s 8 00 00 00 00 00 00 00 00 
18:18:11:6740 Tx 1 0x1C9 s 8 00 00 00 00 00 00 00 00 
18:18:11:6753 Rx 2 0x1C9 s 8 00 00 00 00 00 00 00 00 
18:18:11:7736 Tx 1 0x054 s 8 01 00 00 00 00 00 00 00 
18:18:11:7750 Rx 2 0x054 s 8 01 00 00 00 00 00 00 00 
18:18:11:8742 Tx 1 0x123 s 8 F9 FF 01 74 00 00 00 00 
18:18:11:8755 Rx 2 0x123 s 8 F9 FF 01 74 00 00 00 00 
18:18:11:9738 Tx 1 0x234 s 5 06 00 00 00 00 
18:18:11:9751 Rx 2 0x234 s 5 06 00 00 00 00 
18:18:12:0734 Tx 1 0x224 s 8 00 00 00 00 00 00 00 00 
18:18:12:0747 Rx 2 0x224 s 8 00 00 00 00 00 00 00 00 
18:18:12:1740 Tx 1 0x1C9 s 8 00 00 00 00 00 00 00 00 
18:18:12:1753 Rx 2 0x1C9 s 8 00 00 00 00 00 00 00 00 
18:18:12:2736 Tx 1 0x054 s 8 01 00 00 00 00 00 00 00 
18:18:12:2750 Rx 2 0x054 s 8 01 00 00 00 00 00 00 00 
18:18:12:3742 Tx 1 0x123 s 8 F9 FF 01 74 00 00 00 00 
18:18:12:3755 Rx 2 0x123 s 8 F9 FF 01 74 00 00 00 00 
18:18:12:4738 Tx 1 0x234 s 5 06 00 00 00 00 
18:18:12:4751 Rx 2 0x234 s 5 06 00 00 00 00 
18:18:12:5734 Tx 1 0x224 s 8 00 00 00 00 00 00 00 00 
18:18:12:5747 Rx 2 0x224 s 8 00 00 00 00 00 00 00 00 
18:18:12:6740 Tx 1 0x1C9 s 8 00 00 00 00 00 00 00 00 
18:18:12:6753 Rx 2 0x1C9 s 8 00 00 00 00 00 00 00 00 
18:18:12:7736 Tx 1 0x054 s 8 01 00 00 00 00 00 00 00 
18:18:12:7749 Rx 2 0x054 s 8 01 00 00 00 00 00 00 00 
18:18:12:8742 Tx 1 0x123 s 8 F9 FF 01 74 00 00 00 00 
18:18:12:8755 Rx 2 0x123 s 8 F9 FF 01 74 00 00 00 00 
18:18:12:9738 Tx 1 0x234 s 5 06 00 00 00 00 
18:18:12:9749 Rx 2 0x234 s 5 06 00 00 00 00 
18:18:13:0734 Tx 1 0x224 s 8 00 00 00 00 00 00 00 00 
18:18:13:0746 Rx 2 0x224 s 8 00 00 00 00 00 00 00 00 
18:18:13:1739 Tx 1 0x1C9 s 8 00 00 00 00 00 00 00 00 
18:18:13:1752 Rx 2 0x1C9 s 8 00 00 00 00 00 00 00 00 
18:18:13:2736 Tx 1 0x054 s 8 01 00 00 00 00 00 00 00 
18:18:13:2749 Rx 2 0x054 s 8 01 00 00 00 00 00 00 00 
18:18:13:3742 Tx 1 0x123 s 8 F9 FF 01 74 00 00 00 00 
18:18:13:3754 Rx 2 0x123 s 8 F9 FF 01 74 00 00 00 00 
18:18:13:4738 Tx 1 0x234 s 5 06 00 00 00 00 
18:18:13:4750 Rx 2 0x234 s 5 06 00 00 00 00 
18:18:13:5734 Tx 1 0x224 s 8 00 00 00 00 00 00 00 00 
18:18:13:5747 Rx 2 0x224 s 8 00 00 00 00 00 00 00 00 
18:18:13:6740 Tx 1 0x1C9 s 8 00 00 00 00 00 00 00 00 
18:18:13:6752 Rx 2 0x1C9 s 8 00 00 00 00 00 00 00 00 
18:18:13:7736 Tx 1 0x054 s 8 01 00 00 00 00 00 00 00 
18:18:13:7748 Rx 2 0x054 s 8 01 00 00 00 00 00 00 00 
18:18:15:8820 Tx 1 0x1C9 s 8 00 00 00 00 00 00 00 00 
18:18:15:8831 Rx 2 0x1C9 s 8 00 00 00 00 00 00 00 00 
18:18:15:9816 Tx 1 0x054 s 8 01 00 00 00 00 00 00 00 
18:18:15:9827 Rx 2 0x054 s 8 01 00 00 00 00 00 00 00 
18:18:16:0821 Tx 1 0x123 s 8 F9 FF 01 74 00 00 00 00 
18:18:16:0833 Rx 2 0x123 s 8 F9 FF 01 74 00 00 00 00 
18:18:16:1818 Tx 1 0x234 s 5 06 00 00 00 00 
18:18:16:1829 Rx 2 0x234 s 5 06 00 00 00 00 
18:18:16:2814 Tx 1 0x224 s 8 00 00 00 00 00 00 00 00 
18:18:16:2826 Rx 2 0x224 s 8 00 00 00 00 00 00 00 00 
18:18:16:3820 Tx 1 0x1C9 s 8 00 00 00 00 00 00 00 00 
18:18:16:3832 Rx 2 0x1C9 s 8 00 00 00 00 00 00 00 00 
18:18:16:4816 Tx 1 0x054 s 8 01 00 00 00 00 00 00 00 
18:18:16:4828 Rx 2 0x054 s 8 01 00 00 00 00 00 00 00 
18:18:16:5821 Tx 1 0x123 s 8 F9 FF 01 74 00 00 00 00 
18:18:16:5833 Rx 2 0x123 s 8 F9 FF 01 74 00 00 00 00 
18:18:16:6818 Tx 1 0x234 s 5 06 00 00 00 00 
18:18:16:6829 Rx 2 0x234 s 5 06 00 00 00 00 
18:18:16:7814 Tx 1 0x224 s 8 00 00 00 00 00 00 00 00 
18:18:16:7825 Rx 2 0x224 s 8 00 00 00 00 00 00 00 00 
18:18:16:8820 Tx 1 0x1C9 s 8 00 00 00 00 00 00 00 00 
18:18:16:8831 Rx 2 0x1C9 s 8 00 00 00 00 00 00 00 00 
18:18:16:9816 Tx 1 0x054 s 8 01 00 00 00 00 00 00 00 
18:18:16:9828 Rx 2 0x054 s 8 01 00 00 00 00 00 00 00 
18:18:17:0822 Tx 1 0x123 s 8 F9 FF 01 74 00 00 00 00 
18:18:17:0833 Rx 2 0x123 s 8 F9 FF 01 74 00 00 00 00 
18:18:17:1818 Tx 1 0x234 s 5 06 00 00 00 00 
18:18:17:1828 Rx 2 0x234 s 5 06 00 00 00 00 
18:18:17:2814 Tx 1 0x224 s 8 00 00 00 00 00 00 00 00 
18:18:17:2824 Rx 2 0x224 s 8 00 00 00 00 00 00 00 00 
18:18:17:3819 Tx 1 0x1C9 s 8 00 00 00 00 00 00 00 00 
18:18:17:3830 Rx 2 0x1C9 s 8 00 00 00 00 00 00 00 00 
18:18:17:4816 Tx 1 0x054 s 8 01 00 00 00 00 00 00 00 
18:18:17:4826 Rx 2 0x054 s 8 01 00 00 00 00 00 00 00 
18:18:17:5821 Tx 1 0x123 s 8 F9 FF 01 74 00 00 00 00 
18:18:17:5832 Rx 2 0x123 s 8 F9 FF 01 74 00 00 00 00 
18:18:17:6817 Tx 1 0x234 s 5 06 00 00 00 00 
18:18:17:6827 Rx 2 0x234 s 5 06 00 00 00 00 
18:18:17:7814 Tx 1 0x224 s 8 00 00 00 00 00 00 00 00 
18:18:17:7824 Rx 2 0x224 s 8 00 00 00 00 00 00 00 00 
18:18:17:8819 Tx 1 0x1C9 s 8 00 00 00 00 00 00 00 00 
18:18:17:8830 Rx 2 0x1C9 s 8 00 00 00 00 00 00 00 00 
18:18:17:9815 Tx 1 0x054 s 8 01 00 00 00 00 00 00 00 
18:18:17:9826 Rx 2 0x054 s 8 01 00 00 00 00 00 00 00 
18:18:18:0821 Tx 1 0x123 s 8 F9 FF 01 74 00 00 00 00 
18:18:18:0832 Rx 2 0x123 s 8 F9 FF 01 74 00 00 00 00 
18:18:18:1817 Tx 1 0x234 s 5 06 00 00 00 00 
18:18:18:1828 Rx 2 0x234 s 5 06 00 00 00 00 
***END DATE AND TIME 17:5:2012 18:18:18:659***
***[STOP LOGGING SESSION]***

