***BUSMASTER Ver 1.6.3***
***NOTE: PLEASE DO NOT EDIT THIS DOCUMENT***
***[START LOGGING SESSION]***
***START DATE AND TIME 17:5:2012 20:12:47:643***
***HEX***
***ABSOLUTE MODE***
***START CHANNEL BAUD RATE***
***CHANNEL 1 - Simulation - 500 Kbps***
***CHANNEL 2 - Simulation - 500 Kbps***
***CHANNEL 3 - Simulation - 500 Kbps***
***CHANNEL 4 - Simulation - 500 Kbps***
***CHANNEL 5 - Simulation - 500 Kbps***
***CHANNEL 6 - Simulation - 500 Kbps***
***CHANNEL 7 - Simulation - 500 Kbps***
***CHANNEL 8 - Simulation - 500 Kbps***
***CHANNEL 9 - Simulation - 500 Kbps***
***CHANNEL 10 - Simulation - 500 Kbps***
***CHANNEL 11 - Simulation - 500 Kbps***
***CHANNEL 12 - Simulation - 500 Kbps***
***CHANNEL 13 - Simulation - 500 Kbps***
***CHANNEL 14 - Simulation - 500 Kbps***
***CHANNEL 15 - Simulation - 500 Kbps***
***CHANNEL 16 - Simulation - 500 Kbps***
***END CHANNEL BAUD RATE***
***START DATABASE FILES (DBF/DBC)***
***C:\Documents and Settings\sia3kor\Desktop\checkdbf.dbf***
***END DATABASE FILES (DBF/DBC)***
***<Time><Tx/Rx><Channel><CAN ID><Type><DLC><DataBytes>***
***END DATE AND TIME 17:5:2012 20:13:12:659***
***[STOP LOGGING SESSION]***

